[debug] [2021-08-27T21:05:04.290Z] ----------------------------------------------------------------------
[debug] [2021-08-27T21:05:04.291Z] Command:       /home/cdc218/.nvm/versions/node/v12.20.1/bin/node /home/cdc218/.nvm/versions/node/v12.20.1/bin/firebase deploy
[debug] [2021-08-27T21:05:04.292Z] CLI Version:   9.16.5
[debug] [2021-08-27T21:05:04.292Z] Platform:      linux
[debug] [2021-08-27T21:05:04.292Z] Node Version:  v12.20.1
[debug] [2021-08-27T21:05:04.292Z] Time:          Fri Aug 27 2021 17:05:04 GMT-0400 (Eastern Daylight Time)
[debug] [2021-08-27T21:05:04.292Z] ----------------------------------------------------------------------
[debug] 
[debug] [2021-08-27T21:05:04.338Z] > command requires scopes: ["email","openid","https://www.googleapis.com/auth/cloudplatformprojects.readonly","https://www.googleapis.com/auth/firebase","https://www.googleapis.com/auth/cloud-platform"]
[debug] [2021-08-27T21:05:04.338Z] > authorizing via signed-in user (corey@dolomite.io)
[debug] [2021-08-27T21:05:04.338Z] [iam] checking project fatex-dao for permissions ["firebase.projects.get","firebasehosting.sites.update"]
[debug] [2021-08-27T21:05:04.344Z] > refreshing access token with scopes: ["email","https://www.googleapis.com/auth/cloud-platform","https://www.googleapis.com/auth/cloudplatformprojects.readonly","https://www.googleapis.com/auth/firebase","openid"]
[debug] [2021-08-27T21:05:04.344Z] >>> HTTP REQUEST POST https://www.googleapis.com/oauth2/v3/token  
 <request body omitted>
[debug] [2021-08-27T21:05:05.174Z] <<< HTTP RESPONSE 200 {"pragma":"no-cache","cache-control":"no-cache, no-store, max-age=0, must-revalidate","date":"Fri, 27 Aug 2021 21:04:57 GMT","expires":"Mon, 01 Jan 1990 00:00:00 GMT","content-type":"application/json; charset=utf-8","vary":"X-Origin, Referer, Origin,Accept-Encoding","server":"scaffolding on HTTPServer2","x-xss-protection":"0","x-frame-options":"SAMEORIGIN","x-content-type-options":"nosniff","alt-svc":"h3=\":443\"; ma=2592000,h3-29=\":443\"; ma=2592000,h3-T051=\":443\"; ma=2592000,h3-Q050=\":443\"; ma=2592000,h3-Q046=\":443\"; ma=2592000,h3-Q043=\":443\"; ma=2592000,quic=\":443\"; ma=2592000; v=\"46,43\"","accept-ranges":"none","transfer-encoding":"chunked"}
[debug] [2021-08-27T21:05:05.183Z] >>> HTTP REQUEST POST https://cloudresourcemanager.googleapis.com/v1/projects/fatex-dao:testIamPermissions  
 {"permissions":["firebase.projects.get","firebasehosting.sites.update"]}
[debug] [2021-08-27T21:05:06.536Z] <<< HTTP RESPONSE 200 {"content-type":"application/json; charset=UTF-8","vary":"X-Origin, Referer, Origin,Accept-Encoding","date":"Fri, 27 Aug 2021 21:04:58 GMT","server":"ESF","cache-control":"private","x-xss-protection":"0","x-frame-options":"SAMEORIGIN","x-content-type-options":"nosniff","server-timing":"gfet4t7; dur=551","alt-svc":"h3=\":443\"; ma=2592000,h3-29=\":443\"; ma=2592000,h3-T051=\":443\"; ma=2592000,h3-Q050=\":443\"; ma=2592000,h3-Q046=\":443\"; ma=2592000,h3-Q043=\":443\"; ma=2592000,quic=\":443\"; ma=2592000; v=\"46,43\"","accept-ranges":"none","transfer-encoding":"chunked"}
[debug] [2021-08-27T21:05:06.538Z] > refreshing access token with scopes: []
[debug] [2021-08-27T21:05:06.538Z] >>> HTTP REQUEST POST https://www.googleapis.com/oauth2/v3/token  
 <request body omitted>
[debug] [2021-08-27T21:05:07.019Z] <<< HTTP RESPONSE 200 {"pragma":"no-cache","cache-control":"no-cache, no-store, max-age=0, must-revalidate","expires":"Mon, 01 Jan 1990 00:00:00 GMT","date":"Fri, 27 Aug 2021 21:04:59 GMT","content-type":"application/json; charset=utf-8","vary":"X-Origin, Referer, Origin,Accept-Encoding","server":"scaffolding on HTTPServer2","x-xss-protection":"0","x-frame-options":"SAMEORIGIN","x-content-type-options":"nosniff","alt-svc":"h3=\":443\"; ma=2592000,h3-29=\":443\"; ma=2592000,h3-T051=\":443\"; ma=2592000,h3-Q050=\":443\"; ma=2592000,h3-Q046=\":443\"; ma=2592000,h3-Q043=\":443\"; ma=2592000,quic=\":443\"; ma=2592000; v=\"46,43\"","accept-ranges":"none","transfer-encoding":"chunked"}
[debug] [2021-08-27T21:05:07.030Z] >>> [apiv2][query] GET https://firebase.googleapis.com/v1beta1/projects/fatex-dao [none]
